<?xml version="1.0" encoding="UTF-8"?>
<!-- Generated by org.testng.reporters.JUnitXMLReporter -->
<testsuite hostname="DESKTOP-SP1DG6S" ignored="9" name="Test" tests="12" failures="0" timestamp="2020-01-18T22:48:15 IST" time="386.448" errors="0">
  <testcase name="RunCreateLead" time="11.006" classname="excel.CreateLead"/>
  <testcase name="RunCreateLead" time="12.194" classname="excel.CreateLead"/>
  <testcase name="RunCreateLead" time="7.848" classname="excel.CreateLead"/>
  <testcase name="RunEditLead" time="16.949" classname="excel.EditLead"/>
  <testcase name="RunEditLead" time="16.624" classname="excel.EditLead"/>
  <testcase name="RunEditLead" time="16.404" classname="excel.EditLead"/>
  <testcase name="RunDuplicateLead" time="15.196" classname="excel.DuplicateLead"/>
  <testcase name="RunDuplicateLead" time="15.29" classname="excel.DuplicateLead"/>
  <testcase name="RunDuplicateLead" time="14.974" classname="excel.DuplicateLead"/>
  <testcase name="RunDeleteLead" time="18.544" classname="excel.DeleteLead"/>
  <testcase name="RunDeleteLead" time="18.028" classname="excel.DeleteLead"/>
  <testcase name="RunDeleteLead" time="18.441" classname="excel.DeleteLead"/>
  <testcase name="@AfterSuite afterSuite" time="0.0" classname="base.ExcelProjectSpecificMethod">
    <ignored/>
  </testcase> <!-- @AfterSuite afterSuite -->
  <testcase name="@AfterSuite afterSuite" time="0.0" classname="base.ExcelProjectSpecificMethod">
    <ignored/>
  </testcase> <!-- @AfterSuite afterSuite -->
  <testcase name="@AfterSuite afterSuite" time="0.0" classname="base.ExcelProjectSpecificMethod">
    <ignored/>
  </testcase> <!-- @AfterSuite afterSuite -->
  <testcase name="@BeforeSuite beforeSuite" time="0.0" classname="base.ExcelProjectSpecificMethod">
    <ignored/>
  </testcase> <!-- @BeforeSuite beforeSuite -->
  <testcase name="@BeforeSuite beforeSuite" time="0.0" classname="base.ExcelProjectSpecificMethod">
    <ignored/>
  </testcase> <!-- @BeforeSuite beforeSuite -->
  <testcase name="@BeforeSuite beforeSuite" time="0.0" classname="base.ExcelProjectSpecificMethod">
    <ignored/>
  </testcase> <!-- @BeforeSuite beforeSuite -->
  <testcase name="@AfterTest afterTest" time="0.0" classname="base.ExcelProjectSpecificMethod">
    <ignored/>
  </testcase> <!-- @AfterTest afterTest -->
  <testcase name="@AfterTest afterTest" time="0.0" classname="base.ExcelProjectSpecificMethod">
    <ignored/>
  </testcase> <!-- @AfterTest afterTest -->
  <testcase name="@AfterTest afterTest" time="0.0" classname="base.ExcelProjectSpecificMethod">
    <ignored/>
  </testcase> <!-- @AfterTest afterTest -->
</testsuite> <!-- Test -->
