<?xml version="1.0" encoding="UTF-8"?>
<testng-results skipped="0" failed="0" ignored="0" total="9" passed="9">
  <reporter-output>
  </reporter-output>
  <suite name="Default suite" duration-ms="309869" started-at="2020-01-31T20:54:34 IST" finished-at="2020-01-31T20:59:44 IST">
    <groups>
      <group name="cucumber">
        <method signature="AbstractTestNGCucumberTests.runScenario(cucumber.api.testng.PickleEventWrapper, cucumber.api.testng.CucumberFeatureWrapper)[pri:0, instance:runner.RunTest@4d41cee]" name="runScenario" class="cucumber.api.testng.AbstractTestNGCucumberTests"/>
      </group> <!-- cucumber -->
    </groups>
    <test name="Default test" duration-ms="309869" started-at="2020-01-31T20:54:34 IST" finished-at="2020-01-31T20:59:44 IST">
      <class name="runner.RunTest">
        <test-method status="PASS" signature="setUpClass()[pri:0, instance:runner.RunTest@4d41cee]" name="setUpClass" is-config="true" duration-ms="191" started-at="2020-01-31T20:54:34 IST" finished-at="2020-01-31T20:54:35 IST">
          <reporter-output>
          </reporter-output>
        </test-method> <!-- setUpClass -->
        <test-method status="PASS" signature="runScenario(cucumber.api.testng.PickleEventWrapper, cucumber.api.testng.CucumberFeatureWrapper)[pri:0, instance:runner.RunTest@4d41cee]" name="runScenario" duration-ms="32258" started-at="2020-01-31T20:54:35 IST" description="Runs Cucumber Scenarios" data-provider="scenarios" finished-at="2020-01-31T20:55:07 IST">
          <params>
            <param index="0">
              <value>
                <![CDATA["TC001_Positive_CreateLead_Flow"]]>
              </value>
            </param>
            <param index="1">
              <value>
                <![CDATA["CreateLead for Leaftaps Application"]]>
              </value>
            </param>
          </params>
          <reporter-output>
          </reporter-output>
        </test-method> <!-- runScenario -->
        <test-method status="PASS" signature="runScenario(cucumber.api.testng.PickleEventWrapper, cucumber.api.testng.CucumberFeatureWrapper)[pri:0, instance:runner.RunTest@4d41cee]" name="runScenario" duration-ms="30725" started-at="2020-01-31T20:55:07 IST" description="Runs Cucumber Scenarios" data-provider="scenarios" finished-at="2020-01-31T20:55:38 IST">
          <params>
            <param index="0">
              <value>
                <![CDATA["TC001_Positive_CreateLead_Flow"]]>
              </value>
            </param>
            <param index="1">
              <value>
                <![CDATA["CreateLead for Leaftaps Application"]]>
              </value>
            </param>
          </params>
          <reporter-output>
          </reporter-output>
        </test-method> <!-- runScenario -->
        <test-method status="PASS" signature="runScenario(cucumber.api.testng.PickleEventWrapper, cucumber.api.testng.CucumberFeatureWrapper)[pri:0, instance:runner.RunTest@4d41cee]" name="runScenario" duration-ms="30195" started-at="2020-01-31T20:55:38 IST" description="Runs Cucumber Scenarios" data-provider="scenarios" finished-at="2020-01-31T20:56:08 IST">
          <params>
            <param index="0">
              <value>
                <![CDATA["TC001_Positive_CreateLead_Flow"]]>
              </value>
            </param>
            <param index="1">
              <value>
                <![CDATA["CreateLead for Leaftaps Application"]]>
              </value>
            </param>
          </params>
          <reporter-output>
          </reporter-output>
        </test-method> <!-- runScenario -->
        <test-method status="PASS" signature="runScenario(cucumber.api.testng.PickleEventWrapper, cucumber.api.testng.CucumberFeatureWrapper)[pri:0, instance:runner.RunTest@4d41cee]" name="runScenario" duration-ms="35560" started-at="2020-01-31T20:56:08 IST" description="Runs Cucumber Scenarios" data-provider="scenarios" finished-at="2020-01-31T20:56:43 IST">
          <params>
            <param index="0">
              <value>
                <![CDATA["TC003_DuplicateLead"]]>
              </value>
            </param>
            <param index="1">
              <value>
                <![CDATA["Duplicate the Lead"]]>
              </value>
            </param>
          </params>
          <reporter-output>
          </reporter-output>
        </test-method> <!-- runScenario -->
        <test-method status="PASS" signature="runScenario(cucumber.api.testng.PickleEventWrapper, cucumber.api.testng.CucumberFeatureWrapper)[pri:0, instance:runner.RunTest@4d41cee]" name="runScenario" duration-ms="34683" started-at="2020-01-31T20:56:43 IST" description="Runs Cucumber Scenarios" data-provider="scenarios" finished-at="2020-01-31T20:57:18 IST">
          <params>
            <param index="0">
              <value>
                <![CDATA["TC003_DuplicateLead"]]>
              </value>
            </param>
            <param index="1">
              <value>
                <![CDATA["Duplicate the Lead"]]>
              </value>
            </param>
          </params>
          <reporter-output>
          </reporter-output>
        </test-method> <!-- runScenario -->
        <test-method status="PASS" signature="runScenario(cucumber.api.testng.PickleEventWrapper, cucumber.api.testng.CucumberFeatureWrapper)[pri:0, instance:runner.RunTest@4d41cee]" name="runScenario" duration-ms="35139" started-at="2020-01-31T20:57:18 IST" description="Runs Cucumber Scenarios" data-provider="scenarios" finished-at="2020-01-31T20:57:53 IST">
          <params>
            <param index="0">
              <value>
                <![CDATA["TC003_DuplicateLead"]]>
              </value>
            </param>
            <param index="1">
              <value>
                <![CDATA["Duplicate the Lead"]]>
              </value>
            </param>
          </params>
          <reporter-output>
          </reporter-output>
        </test-method> <!-- runScenario -->
        <test-method status="PASS" signature="runScenario(cucumber.api.testng.PickleEventWrapper, cucumber.api.testng.CucumberFeatureWrapper)[pri:0, instance:runner.RunTest@4d41cee]" name="runScenario" duration-ms="36944" started-at="2020-01-31T20:57:53 IST" description="Runs Cucumber Scenarios" data-provider="scenarios" finished-at="2020-01-31T20:58:30 IST">
          <params>
            <param index="0">
              <value>
                <![CDATA["TC002_Positive_EditLead_Flow"]]>
              </value>
            </param>
            <param index="1">
              <value>
                <![CDATA["Edit The Lead"]]>
              </value>
            </param>
          </params>
          <reporter-output>
          </reporter-output>
        </test-method> <!-- runScenario -->
        <test-method status="PASS" signature="runScenario(cucumber.api.testng.PickleEventWrapper, cucumber.api.testng.CucumberFeatureWrapper)[pri:0, instance:runner.RunTest@4d41cee]" name="runScenario" duration-ms="36604" started-at="2020-01-31T20:58:30 IST" description="Runs Cucumber Scenarios" data-provider="scenarios" finished-at="2020-01-31T20:59:07 IST">
          <params>
            <param index="0">
              <value>
                <![CDATA["TC002_Positive_EditLead_Flow"]]>
              </value>
            </param>
            <param index="1">
              <value>
                <![CDATA["Edit The Lead"]]>
              </value>
            </param>
          </params>
          <reporter-output>
          </reporter-output>
        </test-method> <!-- runScenario -->
        <test-method status="PASS" signature="runScenario(cucumber.api.testng.PickleEventWrapper, cucumber.api.testng.CucumberFeatureWrapper)[pri:0, instance:runner.RunTest@4d41cee]" name="runScenario" duration-ms="37441" started-at="2020-01-31T20:59:07 IST" description="Runs Cucumber Scenarios" data-provider="scenarios" finished-at="2020-01-31T20:59:44 IST">
          <params>
            <param index="0">
              <value>
                <![CDATA["TC002_Positive_EditLead_Flow"]]>
              </value>
            </param>
            <param index="1">
              <value>
                <![CDATA["Edit The Lead"]]>
              </value>
            </param>
          </params>
          <reporter-output>
          </reporter-output>
        </test-method> <!-- runScenario -->
        <test-method status="PASS" signature="tearDownClass()[pri:0, instance:runner.RunTest@4d41cee]" name="tearDownClass" is-config="true" duration-ms="0" started-at="2020-01-31T20:59:44 IST" finished-at="2020-01-31T20:59:44 IST">
          <reporter-output>
          </reporter-output>
        </test-method> <!-- tearDownClass -->
      </class> <!-- runner.RunTest -->
    </test> <!-- Default test -->
  </suite> <!-- Default suite -->
</testng-results>
